# JRE version: OpenJDK Runtime Environment (11.0.8+10) (build 11.0.8+10-b944.6842174)
# Java VM: OpenJDK 64-Bit Server VM (11.0.8+10-b944.6842174, mixed mode, tiered, compressed oops, g1 gc, windows-amd64)
Heap:
 garbage-first heap   total 157696K, used 99840K [0x0000000080000000, 0x0000000100000000)
  region size 1024K, 28 young (28672K), 1 survivors (1024K)
 Metaspace       used 120849K, capacity 124030K, committed 124288K, reserved 1157120K
  class space    used 14595K, capacity 15727K, committed 15744K, reserved 1048576K
GC Heap History (20 events):
Event: 9459.177 GC heap before
{Heap before GC invocations=143 (full 0):
 garbage-first heap   total 157696K, used 140675K [0x0000000080000000, 0x0000000100000000)
  region size 1024K, 55 young (56320K), 1 survivors (1024K)
 Metaspace       used 120526K, capacity 123712K, committed 123776K, reserved 1157120K
  class space    used 14583K, capacity 15705K, committed 15744K, reserved 1048576K
}
Event: 9459.189 GC heap after
{Heap after GC invocations=144 (full 0):
 garbage-first heap   total 157696K, used 78920K [0x0000000080000000, 0x0000000100000000)
  region size 1024K, 5 young (5120K), 5 survivors (5120K)
 Metaspace       used 120526K, capacity 123712K, committed 123776K, reserved 1157120K
  class space    used 14583K, capacity 15705K, committed 15744K, reserved 1048576K
}
Event: 9459.202 GC heap before
{Heap before GC invocations=144 (full 0):
 garbage-first heap   total 157696K, used 80968K [0x0000000080000000, 0x0000000100000000)
  region size 1024K, 7 young (7168K), 5 survivors (5120K)
 Metaspace       used 120526K, capacity 123712K, committed 123776K, reserved 1157120K
  class space    used 14583K, capacity 15705K, committed 15744K, reserved 1048576K
}
Event: 9459.211 GC heap after
{Heap after GC invocations=145 (full 0):
 garbage-first heap   total 157696K, used 79063K [0x0000000080000000, 0x0000000100000000)
  region size 1024K, 1 young (1024K), 1 survivors (1024K)
 Metaspace       used 120526K, capacity 123712K, committed 123776K, reserved 1157120K
  class space    used 14583K, capacity 15705K, committed 15744K, reserved 1048576K
}
Event: 9459.707 GC heap before
{Heap before GC invocations=145 (full 0):
 garbage-first heap   total 157696K, used 123095K [0x0000000080000000, 0x0000000100000000)
  region size 1024K, 46 young (47104K), 1 survivors (1024K)
 Metaspace       used 120538K, capacity 123712K, committed 123776K, reserved 1157120K
  class space    used 14583K, capacity 15705K, committed 15744K, reserved 1048576K
}
Event: 9459.714 GC heap after
{Heap after GC invocations=146 (full 0):
 garbage-first heap   total 157696K, used 80023K [0x0000000080000000, 0x0000000100000000)
  region size 1024K, 2 young (2048K), 2 survivors (2048K)
 Metaspace       used 120538K, capacity 123712K, committed 123776K, reserved 1157120K
  class space    used 14583K, capacity 15705K, committed 15744K, reserved 1048576K
}
Event: 9460.404 GC heap before
{Heap before GC invocations=147 (full 0):
 garbage-first heap   total 157696K, used 132247K [0x0000000080000000, 0x0000000100000000)
  region size 1024K, 52 young (53248K), 2 survivors (2048K)
 Metaspace       used 120580K, capacity 123780K, committed 124032K, reserved 1157120K
  class space    used 14583K, capacity 15705K, committed 15744K, reserved 1048576K
}
Event: 9460.411 GC heap after
{Heap after GC invocations=148 (full 0):
 garbage-first heap   total 157696K, used 81569K [0x0000000080000000, 0x0000000100000000)
  region size 1024K, 3 young (3072K), 3 survivors (3072K)
 Metaspace       used 120580K, capacity 123780K, committed 124032K, reserved 1157120K
  class space    used 14583K, capacity 15705K, committed 15744K, reserved 1048576K
}
Event: 9460.431 GC heap before
{Heap before GC invocations=148 (full 0):
 garbage-first heap   total 157696K, used 84641K [0x0000000080000000, 0x0000000100000000)
  region size 1024K, 7 young (7168K), 3 survivors (3072K)
 Metaspace       used 120580K, capacity 123780K, committed 124032K, reserved 1157120K
  class space    used 14583K, capacity 15705K, committed 15744K, reserved 1048576K
}
Event: 9460.441 GC heap after
{Heap after GC invocations=149 (full 0):
 garbage-first heap   total 157696K, used 74482K [0x0000000080000000, 0x0000000100000000)
  region size 1024K, 1 young (1024K), 1 survivors (1024K)
 Metaspace       used 120580K, capacity 123780K, committed 124032K, reserved 1157120K
  class space    used 14583K, capacity 15705K, committed 15744K, reserved 1048576K
}
Event: 9461.013 GC heap before
{Heap before GC invocations=149 (full 0):
 garbage-first heap   total 157696K, used 116466K [0x0000000080000000, 0x0000000100000000)
  region size 1024K, 44 young (45056K), 1 survivors (1024K)
 Metaspace       used 120607K, capacity 123796K, committed 124032K, reserved 1157120K
  class space    used 14584K, capacity 15708K, committed 15744K, reserved 1048576K
}
Event: 9461.017 GC heap after
{Heap after GC invocations=150 (full 0):
 garbage-first heap   total 157696K, used 74911K [0x0000000080000000, 0x0000000100000000)
  region size 1024K, 1 young (1024K), 1 survivors (1024K)
 Metaspace       used 120607K, capacity 123796K, committed 124032K, reserved 1157120K
  class space    used 14584K, capacity 15708K, committed 15744K, reserved 1048576K
}
Event: 9511.216 GC heap before
{Heap before GC invocations=151 (full 0):
 garbage-first heap   total 157696K, used 140447K [0x0000000080000000, 0x0000000100000000)
  region size 1024K, 55 young (56320K), 1 survivors (1024K)
 Metaspace       used 120763K, capacity 123890K, committed 124032K, reserved 1157120K
  class space    used 14594K, capacity 15725K, committed 15744K, reserved 1048576K
}
Event: 9511.225 GC heap after
{Heap after GC invocations=152 (full 0):
 garbage-first heap   total 157696K, used 78705K [0x0000000080000000, 0x0000000100000000)
  region size 1024K, 5 young (5120K), 5 survivors (5120K)
 Metaspace       used 120763K, capacity 123890K, committed 124032K, reserved 1157120K
  class space    used 14594K, capacity 15725K, committed 15744K, reserved 1048576K
}
Event: 9511.242 GC heap before
{Heap before GC invocations=152 (full 0):
 garbage-first heap   total 157696K, used 80753K [0x0000000080000000, 0x0000000100000000)
  region size 1024K, 7 young (7168K), 5 survivors (5120K)
 Metaspace       used 120763K, capacity 123890K, committed 124032K, reserved 1157120K
  class space    used 14594K, capacity 15725K, committed 15744K, reserved 1048576K
}
Event: 9511.252 GC heap after
{Heap after GC invocations=153 (full 0):
 garbage-first heap   total 157696K, used 78946K [0x0000000080000000, 0x0000000100000000)
  region size 1024K, 1 young (1024K), 1 survivors (1024K)
 Metaspace       used 120763K, capacity 123890K, committed 124032K, reserved 1157120K
  class space    used 14594K, capacity 15725K, committed 15744K, reserved 1048576K
}
Event: 9511.706 GC heap before
{Heap before GC invocations=153 (full 0):
 garbage-first heap   total 157696K, used 119906K [0x0000000080000000, 0x0000000100000000)
  region size 1024K, 43 young (44032K), 1 survivors (1024K)
 Metaspace       used 120773K, capacity 123890K, committed 124032K, reserved 1157120K
  class space    used 14594K, capacity 15725K, committed 15744K, reserved 1048576K
}
Event: 9511.713 GC heap after
{Heap after GC invocations=154 (full 0):
 garbage-first heap   total 157696K, used 79815K [0x0000000080000000, 0x0000000100000000)
  region size 1024K, 2 young (2048K), 2 survivors (2048K)
 Metaspace       used 120773K, capacity 123890K, committed 124032K, reserved 1157120K
  class space    used 14594K, capacity 15725K, committed 15744K, reserved 1048576K
}
Event: 9512.240 GC heap before
{Heap before GC invocations=155 (full 0):
 garbage-first heap   total 157696K, used 131015K [0x0000000080000000, 0x0000000100000000)
  region size 1024K, 52 young (53248K), 2 survivors (2048K)
 Metaspace       used 120784K, capacity 123896K, committed 124032K, reserved 1157120K
  class space    used 14594K, capacity 15726K, committed 15744K, reserved 1048576K
}
Event: 9512.245 GC heap after
{Heap after GC invocations=156 (full 0):
 garbage-first heap   total 157696K, used 81396K [0x0000000080000000, 0x0000000100000000)
  region size 1024K, 3 young (3072K), 3 survivors (3072K)
 Metaspace       used 120784K, capacity 123896K, committed 124032K, reserved 1157120K
  class space    used 14594K, capacity 15726K, committed 15744K, reserved 1048576K
}

