# JRE version: OpenJDK Runtime Environment (11.0.8+10) (build 11.0.8+10-b944.6842174)
# Java VM: OpenJDK 64-Bit Server VM (11.0.8+10-b944.6842174, mixed mode, tiered, compressed oops, g1 gc, windows-amd64)
Heap:
 garbage-first heap   total 157696K, used 74373K [0x0000000080000000, 0x0000000100000000)
  region size 1024K, 34 young (34816K), 7 survivors (7168K)
 Metaspace       used 67393K, capacity 68958K, committed 69068K, reserved 1110016K
  class space    used 8814K, capacity 9363K, committed 9472K, reserved 1048576K
GC Heap History (20 events):
Event: 1.139 GC heap before
{Heap before GC invocations=2 (full 0):
 garbage-first heap   total 131072K, used 38188K [0x0000000080000000, 0x0000000100000000)
  region size 1024K, 31 young (31744K), 1 survivors (1024K)
 Metaspace       used 10622K, capacity 10837K, committed 11008K, reserved 1058816K
  class space    used 1102K, capacity 1164K, committed 1280K, reserved 1048576K
}
Event: 1.142 GC heap after
{Heap after GC invocations=3 (full 0):
 garbage-first heap   total 131072K, used 12660K [0x0000000080000000, 0x0000000100000000)
  region size 1024K, 4 young (4096K), 4 survivors (4096K)
 Metaspace       used 10622K, capacity 10837K, committed 11008K, reserved 1058816K
  class space    used 1102K, capacity 1164K, committed 1280K, reserved 1048576K
}
Event: 3.984 GC heap before
{Heap before GC invocations=3 (full 0):
 garbage-first heap   total 131072K, used 55668K [0x0000000080000000, 0x0000000100000000)
  region size 1024K, 46 young (47104K), 4 survivors (4096K)
 Metaspace       used 19037K, capacity 19470K, committed 19712K, reserved 1067008K
  class space    used 2313K, capacity 2457K, committed 2560K, reserved 1048576K
}
Event: 3.990 GC heap after
{Heap after GC invocations=4 (full 0):
 garbage-first heap   total 131072K, used 15662K [0x0000000080000000, 0x0000000100000000)
  region size 1024K, 3 young (3072K), 3 survivors (3072K)
 Metaspace       used 19037K, capacity 19470K, committed 19712K, reserved 1067008K
  class space    used 2313K, capacity 2457K, committed 2560K, reserved 1048576K
}
Event: 4.801 GC heap before
{Heap before GC invocations=4 (full 0):
 garbage-first heap   total 131072K, used 26926K [0x0000000080000000, 0x0000000100000000)
  region size 1024K, 15 young (15360K), 3 survivors (3072K)
 Metaspace       used 20630K, capacity 21109K, committed 21248K, reserved 1067008K
  class space    used 2531K, capacity 2710K, committed 2816K, reserved 1048576K
}
Event: 4.807 GC heap after
{Heap after GC invocations=5 (full 0):
 garbage-first heap   total 131072K, used 16079K [0x0000000080000000, 0x0000000100000000)
  region size 1024K, 4 young (4096K), 4 survivors (4096K)
 Metaspace       used 20630K, capacity 21109K, committed 21248K, reserved 1067008K
  class space    used 2531K, capacity 2710K, committed 2816K, reserved 1048576K
}
Event: 8.329 GC heap before
{Heap before GC invocations=6 (full 0):
 garbage-first heap   total 131072K, used 64207K [0x0000000080000000, 0x0000000100000000)
  region size 1024K, 51 young (52224K), 4 survivors (4096K)
 Metaspace       used 26125K, capacity 26739K, committed 27008K, reserved 1073152K
  class space    used 3412K, capacity 3632K, committed 3712K, reserved 1048576K
}
Event: 8.335 GC heap after
{Heap after GC invocations=7 (full 0):
 garbage-first heap   total 131072K, used 17899K [0x0000000080000000, 0x0000000100000000)
  region size 1024K, 6 young (6144K), 6 survivors (6144K)
 Metaspace       used 26125K, capacity 26739K, committed 27008K, reserved 1073152K
  class space    used 3412K, capacity 3632K, committed 3712K, reserved 1048576K
}
Event: 12.711 GC heap before
{Heap before GC invocations=7 (full 0):
 garbage-first heap   total 131072K, used 67051K [0x0000000080000000, 0x0000000100000000)
  region size 1024K, 55 young (56320K), 6 survivors (6144K)
 Metaspace       used 35104K, capacity 35769K, committed 35840K, reserved 1081344K
  class space    used 4574K, capacity 4856K, committed 4864K, reserved 1048576K
}
Event: 12.729 GC heap after
{Heap after GC invocations=8 (full 0):
 garbage-first heap   total 131072K, used 21184K [0x0000000080000000, 0x0000000100000000)
  region size 1024K, 6 young (6144K), 6 survivors (6144K)
 Metaspace       used 35104K, capacity 35769K, committed 35840K, reserved 1081344K
  class space    used 4574K, capacity 4856K, committed 4864K, reserved 1048576K
}
Event: 16.450 GC heap before
{Heap before GC invocations=9 (full 0):
 garbage-first heap   total 131072K, used 90816K [0x0000000080000000, 0x0000000100000000)
  region size 1024K, 71 young (72704K), 6 survivors (6144K)
 Metaspace       used 41500K, capacity 42369K, committed 42624K, reserved 1085440K
  class space    used 5332K, capacity 5642K, committed 5760K, reserved 1048576K
}
Event: 16.462 GC heap after
{Heap after GC invocations=10 (full 0):
 garbage-first heap   total 157696K, used 24370K [0x0000000080000000, 0x0000000100000000)
  region size 1024K, 7 young (7168K), 7 survivors (7168K)
 Metaspace       used 41500K, capacity 42369K, committed 42624K, reserved 1085440K
  class space    used 5332K, capacity 5642K, committed 5760K, reserved 1048576K
}
Event: 34.484 GC heap before
{Heap before GC invocations=10 (full 0):
 garbage-first heap   total 157696K, used 100146K [0x0000000080000000, 0x0000000100000000)
  region size 1024K, 79 young (80896K), 7 survivors (7168K)
 Metaspace       used 45157K, capacity 46247K, committed 46464K, reserved 1089536K
  class space    used 5792K, capacity 6191K, committed 6272K, reserved 1048576K
}
Event: 34.507 GC heap after
{Heap after GC invocations=11 (full 0):
 garbage-first heap   total 157696K, used 36265K [0x0000000080000000, 0x0000000100000000)
  region size 1024K, 10 young (10240K), 10 survivors (10240K)
 Metaspace       used 45157K, capacity 46247K, committed 46464K, reserved 1089536K
  class space    used 5792K, capacity 6191K, committed 6272K, reserved 1048576K
}
Event: 46.255 GC heap before
{Heap before GC invocations=11 (full 0):
 garbage-first heap   total 157696K, used 108969K [0x0000000080000000, 0x0000000100000000)
  region size 1024K, 82 young (83968K), 10 survivors (10240K)
 Metaspace       used 55976K, capacity 57373K, committed 57600K, reserved 1099776K
  class space    used 7115K, capacity 7597K, committed 7680K, reserved 1048576K
}
Event: 46.273 GC heap after
{Heap after GC invocations=12 (full 0):
 garbage-first heap   total 157696K, used 41507K [0x0000000080000000, 0x0000000100000000)
  region size 1024K, 5 young (5120K), 5 survivors (5120K)
 Metaspace       used 55976K, capacity 57373K, committed 57600K, reserved 1099776K
  class space    used 7115K, capacity 7597K, committed 7680K, reserved 1048576K
}
Event: 47.718 GC heap before
{Heap before GC invocations=12 (full 0):
 garbage-first heap   total 157696K, used 71203K [0x0000000080000000, 0x0000000100000000)
  region size 1024K, 34 young (34816K), 5 survivors (5120K)
 Metaspace       used 58735K, capacity 60130K, committed 60160K, reserved 1101824K
  class space    used 7435K, capacity 7907K, committed 7936K, reserved 1048576K
}
Event: 47.727 GC heap after
{Heap after GC invocations=13 (full 0):
 garbage-first heap   total 157696K, used 43531K [0x0000000080000000, 0x0000000100000000)
  region size 1024K, 7 young (7168K), 7 survivors (7168K)
 Metaspace       used 58735K, capacity 60130K, committed 60160K, reserved 1101824K
  class space    used 7435K, capacity 7907K, committed 7936K, reserved 1048576K
}
Event: 52.746 GC heap before
{Heap before GC invocations=14 (full 0):
 garbage-first heap   total 157696K, used 114187K [0x0000000080000000, 0x0000000100000000)
  region size 1024K, 76 young (77824K), 7 survivors (7168K)
 Metaspace       used 64795K, capacity 66182K, committed 66252K, reserved 1105920K
  class space    used 8422K, capacity 8933K, committed 8960K, reserved 1048576K
}
Event: 52.761 GC heap after
{Heap after GC invocations=15 (full 0):
 garbage-first heap   total 157696K, used 47749K [0x0000000080000000, 0x0000000100000000)
  region size 1024K, 7 young (7168K), 7 survivors (7168K)
 Metaspace       used 64795K, capacity 66182K, committed 66252K, reserved 1105920K
  class space    used 8422K, capacity 8933K, committed 8960K, reserved 1048576K
}

