# JRE version: OpenJDK Runtime Environment (11.0.8+10) (build 11.0.8+10-b944.6842174)
# Java VM: OpenJDK 64-Bit Server VM (11.0.8+10-b944.6842174, mixed mode, tiered, compressed oops, g1 gc, windows-amd64)
Heap:
 garbage-first heap   total 131072K, used 48340K [0x0000000080000000, 0x0000000100000000)
  region size 1024K, 31 young (31744K), 6 survivors (6144K)
 Metaspace       used 37959K, capacity 38704K, committed 39040K, reserved 1083392K
  class space    used 4876K, capacity 5167K, committed 5248K, reserved 1048576K
GC Heap History (14 events):
Event: 16.350 GC heap before
{Heap before GC invocations=0 (full 0):
 garbage-first heap   total 131072K, used 19456K [0x0000000080000000, 0x0000000100000000)
  region size 1024K, 14 young (14336K), 0 survivors (0K)
 Metaspace       used 7463K, capacity 7663K, committed 7936K, reserved 1056768K
  class space    used 687K, capacity 748K, committed 768K, reserved 1048576K
}
Event: 16.366 GC heap after
{Heap after GC invocations=1 (full 0):
 garbage-first heap   total 131072K, used 8270K [0x0000000080000000, 0x0000000100000000)
  region size 1024K, 2 young (2048K), 2 survivors (2048K)
 Metaspace       used 7463K, capacity 7663K, committed 7936K, reserved 1056768K
  class space    used 687K, capacity 748K, committed 768K, reserved 1048576K
}
Event: 22.936 GC heap before
{Heap before GC invocations=1 (full 0):
 garbage-first heap   total 131072K, used 18510K [0x0000000080000000, 0x0000000100000000)
  region size 1024K, 12 young (12288K), 2 survivors (2048K)
 Metaspace       used 10293K, capacity 10561K, committed 10752K, reserved 1058816K
  class space    used 1085K, capacity 1163K, committed 1280K, reserved 1048576K
}
Event: 22.939 GC heap after
{Heap after GC invocations=2 (full 0):
 garbage-first heap   total 131072K, used 8948K [0x0000000080000000, 0x0000000100000000)
  region size 1024K, 1 young (1024K), 1 survivors (1024K)
 Metaspace       used 10293K, capacity 10561K, committed 10752K, reserved 1058816K
  class space    used 1085K, capacity 1163K, committed 1280K, reserved 1048576K
}
Event: 42.252 GC heap before
{Heap before GC invocations=2 (full 0):
 garbage-first heap   total 131072K, used 35572K [0x0000000080000000, 0x0000000100000000)
  region size 1024K, 28 young (28672K), 1 survivors (1024K)
 Metaspace       used 10629K, capacity 10885K, committed 11008K, reserved 1058816K
  class space    used 1101K, capacity 1164K, committed 1280K, reserved 1048576K
}
Event: 42.257 GC heap after
{Heap after GC invocations=3 (full 0):
 garbage-first heap   total 131072K, used 12986K [0x0000000080000000, 0x0000000100000000)
  region size 1024K, 4 young (4096K), 4 survivors (4096K)
 Metaspace       used 10629K, capacity 10885K, committed 11008K, reserved 1058816K
  class space    used 1101K, capacity 1164K, committed 1280K, reserved 1048576K
}
Event: 64.478 GC heap before
{Heap before GC invocations=3 (full 0):
 garbage-first heap   total 131072K, used 52922K [0x0000000080000000, 0x0000000100000000)
  region size 1024K, 43 young (44032K), 4 survivors (4096K)
 Metaspace       used 18232K, capacity 18614K, committed 18816K, reserved 1064960K
  class space    used 2178K, capacity 2326K, committed 2432K, reserved 1048576K
}
Event: 64.496 GC heap after
{Heap after GC invocations=4 (full 0):
 garbage-first heap   total 131072K, used 16006K [0x0000000080000000, 0x0000000100000000)
  region size 1024K, 4 young (4096K), 4 survivors (4096K)
 Metaspace       used 18232K, capacity 18614K, committed 18816K, reserved 1064960K
  class space    used 2178K, capacity 2326K, committed 2432K, reserved 1048576K
}
Event: 69.299 GC heap before
{Heap before GC invocations=4 (full 0):
 garbage-first heap   total 131072K, used 32390K [0x0000000080000000, 0x0000000100000000)
  region size 1024K, 21 young (21504K), 4 survivors (4096K)
 Metaspace       used 20636K, capacity 21094K, committed 21248K, reserved 1067008K
  class space    used 2520K, capacity 2710K, committed 2816K, reserved 1048576K
}
Event: 69.307 GC heap after
{Heap after GC invocations=5 (full 0):
 garbage-first heap   total 131072K, used 16538K [0x0000000080000000, 0x0000000100000000)
  region size 1024K, 4 young (4096K), 4 survivors (4096K)
 Metaspace       used 20636K, capacity 21094K, committed 21248K, reserved 1067008K
  class space    used 2520K, capacity 2710K, committed 2816K, reserved 1048576K
}
Event: 77.425 GC heap before
{Heap before GC invocations=6 (full 0):
 garbage-first heap   total 131072K, used 69786K [0x0000000080000000, 0x0000000100000000)
  region size 1024K, 56 young (57344K), 4 survivors (4096K)
 Metaspace       used 26552K, capacity 27124K, committed 27264K, reserved 1073152K
  class space    used 3475K, capacity 3701K, committed 3712K, reserved 1048576K
}
Event: 77.435 GC heap after
{Heap after GC invocations=7 (full 0):
 garbage-first heap   total 131072K, used 18466K [0x0000000080000000, 0x0000000100000000)
  region size 1024K, 6 young (6144K), 6 survivors (6144K)
 Metaspace       used 26552K, capacity 27124K, committed 27264K, reserved 1073152K
  class space    used 3475K, capacity 3701K, committed 3712K, reserved 1048576K
}
Event: 85.700 GC heap before
{Heap before GC invocations=7 (full 0):
 garbage-first heap   total 131072K, used 62498K [0x0000000080000000, 0x0000000100000000)
  region size 1024K, 51 young (52224K), 6 survivors (6144K)
 Metaspace       used 35104K, capacity 35787K, committed 35840K, reserved 1081344K
  class space    used 4557K, capacity 4822K, committed 4864K, reserved 1048576K
}
Event: 85.725 GC heap after
{Heap after GC invocations=8 (full 0):
 garbage-first heap   total 131072K, used 21716K [0x0000000080000000, 0x0000000100000000)
  region size 1024K, 6 young (6144K), 6 survivors (6144K)
 Metaspace       used 35104K, capacity 35787K, committed 35840K, reserved 1081344K
  class space    used 4557K, capacity 4822K, committed 4864K, reserved 1048576K
}

